<?xml version="1.0" encoding="UTF-8"?>
<!-- Generated by org.testng.reporters.JUnitXMLReporter -->
<testsuite hostname="DESKTOP-H6HU17T" ignored="0" name="Default test" tests="5" failures="0" timestamp="11 May 2020 18:19:50 GMT" time="9.55" errors="0">
  <testcase name="postNewEmployees" time="3.309" classname="DataDrivenTest.TC001_DDT_AddNewEmployees"/>
  <testcase name="postNewEmployees" time="1.449" classname="DataDrivenTest.TC001_DDT_AddNewEmployees"/>
  <testcase name="postNewEmployees" time="1.27" classname="DataDrivenTest.TC001_DDT_AddNewEmployees"/>
  <testcase name="postNewEmployees" time="1.076" classname="DataDrivenTest.TC001_DDT_AddNewEmployees"/>
  <testcase name="postNewEmployees" time="1.158" classname="DataDrivenTest.TC001_DDT_AddNewEmployees"/>
</testsuite> <!-- Default test -->
